<?xml version="1.0" encoding="UTF-8"?>
<!-- Generated by org.testng.reporters.JUnitReportReporter -->
<testsuite hostname="DESKTOP-CUEI7D6" failures="0" tests="1" name="testpck.APITest" time="0.006" errors="0" timestamp="2023-06-26T16:06:54 IST" skipped="0">
  <testcase classname="testpck.APITest" name="APITESt" time="0.006"/>
  <system-out/>
</testsuite> <!-- testpck.APITest -->
