<?xml version="1.0" encoding="UTF-8"?>
<!-- Generated by org.testng.reporters.JUnitReportReporter -->
<testsuite hostname="DESKTOP-CUEI7D6" failures="0" tests="1" name="testpck.seleniumTest" time="0.001" errors="0" timestamp="2023-06-26T16:06:41 IST" skipped="0">
  <testcase classname="testpck.seleniumTest" name="seleniumTest" time="0.001"/>
  <system-out/>
</testsuite> <!-- testpck.seleniumTest -->
